
*** Running vivado
    with args -log dist_mem_gen_0.vds -m64 -product Vivado -mode batch -messageDb vivado.pb -notrace -source dist_mem_gen_0.tcl


****** Vivado v2016.4 (64-bit)
  **** SW Build 1756540 on Mon Jan 23 19:11:23 MST 2017
  **** IP Build 1755317 on Mon Jan 23 20:30:07 MST 2017
    ** Copyright 1986-2016 Xilinx, Inc. All Rights Reserved.

source dist_mem_gen_0.tcl -notrace
Starting RTL Elaboration : Time (s): cpu = 00:00:08 ; elapsed = 00:00:18 . Memory (MB): peak = 337.602 ; gain = 128.152
INFO: [Synth 8-638] synthesizing module 'dist_mem_gen_0' [z:/EE26/butterfly_unit/butterfly_unit.srcs/sources_1/ip/dist_mem_gen_0/synth/dist_mem_gen_0.vhd:66]
INFO: [Synth 8-256] done synthesizing module 'dist_mem_gen_0' (4#1) [z:/EE26/butterfly_unit/butterfly_unit.srcs/sources_1/ip/dist_mem_gen_0/synth/dist_mem_gen_0.vhd:66]
Finished RTL Elaboration : Time (s): cpu = 00:00:15 ; elapsed = 00:00:27 . Memory (MB): peak = 452.480 ; gain = 243.031
Finished RTL Optimization Phase 1 : Time (s): cpu = 00:00:15 ; elapsed = 00:00:27 . Memory (MB): peak = 452.480 ; gain = 243.031
INFO: [Device 21-403] Loading part xc7a100tcsg324-1
Constraint Validation Runtime : Time (s): cpu = 00:00:00 ; elapsed = 00:00:00.186 . Memory (MB): peak = 600.836 ; gain = 0.000
Finished Constraint Validation : Time (s): cpu = 00:00:26 ; elapsed = 00:01:03 . Memory (MB): peak = 600.836 ; gain = 391.387
Finished Loading Part and Timing Information : Time (s): cpu = 00:00:26 ; elapsed = 00:01:03 . Memory (MB): peak = 600.836 ; gain = 391.387
Finished applying 'set_property' XDC Constraints : Time (s): cpu = 00:00:26 ; elapsed = 00:01:03 . Memory (MB): peak = 600.836 ; gain = 391.387
Finished RTL Optimization Phase 2 : Time (s): cpu = 00:00:26 ; elapsed = 00:01:03 . Memory (MB): peak = 600.836 ; gain = 391.387
Finished Cross Boundary and Area Optimization : Time (s): cpu = 00:00:26 ; elapsed = 00:01:04 . Memory (MB): peak = 600.836 ; gain = 391.387
---------------------------------------------------------------------------------
Start ROM, RAM, DSP and Shift Register Reporting
---------------------------------------------------------------------------------

ROM:
+---------------------+------------------------------------------------------+---------------+----------------+
|Module Name          | RTL Object                                           | Depth x Width | Implemented As | 
+---------------------+------------------------------------------------------+---------------+----------------+
|rom                  | rom[15]                                              | 16x512        | LUT            | 
|dist_mem_gen_v8_0_11 | synth_options.dist_mem_inst/gen_rom.rom_inst/rom[15] | 16x512        | LUT            | 
+---------------------+------------------------------------------------------+---------------+----------------+

---------------------------------------------------------------------------------
Finished ROM, RAM, DSP and Shift Register Reporting
---------------------------------------------------------------------------------
Finished Applying XDC Timing Constraints : Time (s): cpu = 00:00:37 ; elapsed = 00:01:15 . Memory (MB): peak = 629.410 ; gain = 419.961
Finished Timing Optimization : Time (s): cpu = 00:00:37 ; elapsed = 00:01:15 . Memory (MB): peak = 630.344 ; gain = 420.895
Finished Technology Mapping : Time (s): cpu = 00:00:37 ; elapsed = 00:01:15 . Memory (MB): peak = 640.000 ; gain = 430.551
Finished IO Insertion : Time (s): cpu = 00:00:37 ; elapsed = 00:01:16 . Memory (MB): peak = 640.000 ; gain = 430.551
Finished Renaming Generated Instances : Time (s): cpu = 00:00:37 ; elapsed = 00:01:16 . Memory (MB): peak = 640.000 ; gain = 430.551
Finished Rebuilding User Hierarchy : Time (s): cpu = 00:00:37 ; elapsed = 00:01:16 . Memory (MB): peak = 640.000 ; gain = 430.551
Finished Renaming Generated Ports : Time (s): cpu = 00:00:37 ; elapsed = 00:01:16 . Memory (MB): peak = 640.000 ; gain = 430.551
Finished Handling Custom Attributes : Time (s): cpu = 00:00:38 ; elapsed = 00:01:16 . Memory (MB): peak = 640.000 ; gain = 430.551
Finished Renaming Generated Nets : Time (s): cpu = 00:00:38 ; elapsed = 00:01:16 . Memory (MB): peak = 640.000 ; gain = 430.551

Report Cell Usage: 
+------+-----+------+
|      |Cell |Count |
+------+-----+------+
|1     |LUT4 |     3|
+------+-----+------+
Finished Writing Synthesis Report : Time (s): cpu = 00:00:38 ; elapsed = 00:01:16 . Memory (MB): peak = 640.000 ; gain = 430.551
synth_design: Time (s): cpu = 00:00:35 ; elapsed = 00:01:06 . Memory (MB): peak = 667.273 ; gain = 406.234
