
*** Running vivado
    with args -log hardware_interface.vds -m64 -product Vivado -mode batch -messageDb vivado.pb -notrace -source hardware_interface.tcl


****** Vivado v2017.4 (64-bit)
  **** SW Build 2086221 on Fri Dec 15 20:55:39 MST 2017
  **** IP Build 2085800 on Fri Dec 15 22:25:07 MST 2017
    ** Copyright 1986-2017 Xilinx, Inc. All Rights Reserved.

source hardware_interface.tcl -notrace
Command: synth_design -top hardware_interface -part xc7a100tcsg324-1
Starting synth_design
Attempting to get a license for feature 'Synthesis' and/or device 'xc7a100t'
INFO: [Common 17-349] Got license for feature 'Synthesis' and/or device 'xc7a100t'
INFO: Launching helper process for spawning children vivado processes
INFO: Helper process launched with PID 7468 
---------------------------------------------------------------------------------
Starting RTL Elaboration : Time (s): cpu = 00:00:05 ; elapsed = 00:00:05 . Memory (MB): peak = 353.805 ; gain = 97.941
---------------------------------------------------------------------------------
INFO: [Synth 8-638] synthesizing module 'hardware_interface' [Z:/EE26/floatin_point_multiplier/floatin_point_multiplier.srcs/sources_1/new/hardware_interface.vhd:43]
INFO: [Synth 8-3491] module 'floating_point_multiplier' declared at 'Z:/EE26/floatin_point_multiplier/floatin_point_multiplier.srcs/sources_1/new/floating_point_multiplier.vhd:35' bound to instance 'fpm' of component 'floating_point_multiplier' [Z:/EE26/floatin_point_multiplier/floatin_point_multiplier.srcs/sources_1/new/hardware_interface.vhd:66]
INFO: [Synth 8-638] synthesizing module 'floating_point_multiplier' [Z:/EE26/floatin_point_multiplier/floatin_point_multiplier.srcs/sources_1/new/floating_point_multiplier.vhd:41]
	Parameter N bound to: 24 - type: integer 
INFO: [Synth 8-3491] module 'array_multiplier' declared at 'Z:/EE26/floatin_point_multiplier/floatin_point_multiplier.srcs/sources_1/new/array_multiplier.vhd:130' bound to instance 'AM4' of component 'array_multiplier' [Z:/EE26/floatin_point_multiplier/floatin_point_multiplier.srcs/sources_1/new/floating_point_multiplier.vhd:78]
INFO: [Synth 8-638] synthesizing module 'array_multiplier' [Z:/EE26/floatin_point_multiplier/floatin_point_multiplier.srcs/sources_1/new/array_multiplier.vhd:138]
	Parameter N bound to: 24 - type: integer 
INFO: [Synth 8-3491] module 'summation_unit' declared at 'Z:/EE26/floatin_point_multiplier/floatin_point_multiplier.srcs/sources_1/new/summation_unit.vhd:34' bound to instance 'top_right' of component 'summation_unit' [Z:/EE26/floatin_point_multiplier/floatin_point_multiplier.srcs/sources_1/new/array_multiplier.vhd:158]
INFO: [Synth 8-638] synthesizing module 'summation_unit' [Z:/EE26/floatin_point_multiplier/floatin_point_multiplier.srcs/sources_1/new/summation_unit.vhd:43]
INFO: [Synth 8-3491] module 'full_adder' declared at 'Z:/EE26/project_1_v2/project_1_v2.srcs/sources_1/new/adder.vhd:34' bound to instance 'adder' of component 'full_adder' [Z:/EE26/floatin_point_multiplier/floatin_point_multiplier.srcs/sources_1/new/summation_unit.vhd:55]
INFO: [Synth 8-638] synthesizing module 'full_adder' [Z:/EE26/project_1_v2/project_1_v2.srcs/sources_1/new/adder.vhd:42]
INFO: [Synth 8-256] done synthesizing module 'full_adder' (1#1) [Z:/EE26/project_1_v2/project_1_v2.srcs/sources_1/new/adder.vhd:42]
INFO: [Synth 8-256] done synthesizing module 'summation_unit' (2#1) [Z:/EE26/floatin_point_multiplier/floatin_point_multiplier.srcs/sources_1/new/summation_unit.vhd:43]
INFO: [Synth 8-3491] module 'summation_unit' declared at 'Z:/EE26/floatin_point_multiplier/floatin_point_multiplier.srcs/sources_1/new/summation_unit.vhd:34' bound to instance 'top_left' of component 'summation_unit' [Z:/EE26/floatin_point_multiplier/floatin_point_multiplier.srcs/sources_1/new/array_multiplier.vhd:160]
INFO: [Synth 8-3491] module 'summation_unit' declared at 'Z:/EE26/floatin_point_multiplier/floatin_point_multiplier.srcs/sources_1/new/summation_unit.vhd:34' bound to instance 'bottom_right' of component 'summation_unit' [Z:/EE26/floatin_point_multiplier/floatin_point_multiplier.srcs/sources_1/new/array_multiplier.vhd:163]
INFO: [Synth 8-3491] module 'summation_unit' declared at 'Z:/EE26/floatin_point_multiplier/floatin_point_multiplier.srcs/sources_1/new/summation_unit.vhd:34' bound to instance 'bottom_left' of component 'summation_unit' [Z:/EE26/floatin_point_multiplier/floatin_point_multiplier.srcs/sources_1/new/array_multiplier.vhd:165]
INFO: [Synth 8-3491] module 'summation_unit' declared at 'Z:/EE26/floatin_point_multiplier/floatin_point_multiplier.srcs/sources_1/new/summation_unit.vhd:34' bound to instance 'top_row_adders' of component 'summation_unit' [Z:/EE26/floatin_point_multiplier/floatin_point_multiplier.srcs/sources_1/new/array_multiplier.vhd:169]
INFO: [Synth 8-3491] module 'summation_unit' declared at 'Z:/EE26/floatin_point_multiplier/floatin_point_multiplier.srcs/sources_1/new/summation_unit.vhd:34' bound to instance 'top_row_adders' of component 'summation_unit' [Z:/EE26/floatin_point_multiplier/floatin_point_multiplier.srcs/sources_1/new/array_multiplier.vhd:169]
INFO: [Synth 8-3491] module 'summation_unit' declared at 'Z:/EE26/floatin_point_multiplier/floatin_point_multiplier.srcs/sources_1/new/summation_unit.vhd:34' bound to instance 'top_row_adders' of component 'summation_unit' [Z:/EE26/floatin_point_multiplier/floatin_point_multiplier.srcs/sources_1/new/array_multiplier.vhd:169]
INFO: [Synth 8-3491] module 'summation_unit' declared at 'Z:/EE26/floatin_point_multiplier/floatin_point_multiplier.srcs/sources_1/new/summation_unit.vhd:34' bound to instance 'top_row_adders' of component 'summation_unit' [Z:/EE26/floatin_point_multiplier/floatin_point_multiplier.srcs/sources_1/new/array_multiplier.vhd:169]
INFO: [Synth 8-3491] module 'summation_unit' declared at 'Z:/EE26/floatin_point_multiplier/floatin_point_multiplier.srcs/sources_1/new/summation_unit.vhd:34' bound to instance 'top_row_adders' of component 'summation_unit' [Z:/EE26/floatin_point_multiplier/floatin_point_multiplier.srcs/sources_1/new/array_multiplier.vhd:169]
INFO: [Synth 8-3491] module 'summation_unit' declared at 'Z:/EE26/floatin_point_multiplier/floatin_point_multiplier.srcs/sources_1/new/summation_unit.vhd:34' bound to instance 'top_row_adders' of component 'summation_unit' [Z:/EE26/floatin_point_multiplier/floatin_point_multiplier.srcs/sources_1/new/array_multiplier.vhd:169]
INFO: [Synth 8-3491] module 'summation_unit' declared at 'Z:/EE26/floatin_point_multiplier/floatin_point_multiplier.srcs/sources_1/new/summation_unit.vhd:34' bound to instance 'top_row_adders' of component 'summation_unit' [Z:/EE26/floatin_point_multiplier/floatin_point_multiplier.srcs/sources_1/new/array_multiplier.vhd:169]
INFO: [Synth 8-3491] module 'summation_unit' declared at 'Z:/EE26/floatin_point_multiplier/floatin_point_multiplier.srcs/sources_1/new/summation_unit.vhd:34' bound to instance 'top_row_adders' of component 'summation_unit' [Z:/EE26/floatin_point_multiplier/floatin_point_multiplier.srcs/sources_1/new/array_multiplier.vhd:169]
INFO: [Synth 8-3491] module 'summation_unit' declared at 'Z:/EE26/floatin_point_multiplier/floatin_point_multiplier.srcs/sources_1/new/summation_unit.vhd:34' bound to instance 'top_row_adders' of component 'summation_unit' [Z:/EE26/floatin_point_multiplier/floatin_point_multiplier.srcs/sources_1/new/array_multiplier.vhd:169]
INFO: [Synth 8-3491] module 'summation_unit' declared at 'Z:/EE26/floatin_point_multiplier/floatin_point_multiplier.srcs/sources_1/new/summation_unit.vhd:34' bound to instance 'top_row_adders' of component 'summation_unit' [Z:/EE26/floatin_point_multiplier/floatin_point_multiplier.srcs/sources_1/new/array_multiplier.vhd:169]
INFO: [Synth 8-3491] module 'summation_unit' declared at 'Z:/EE26/floatin_point_multiplier/floatin_point_multiplier.srcs/sources_1/new/summation_unit.vhd:34' bound to instance 'top_row_adders' of component 'summation_unit' [Z:/EE26/floatin_point_multiplier/floatin_point_multiplier.srcs/sources_1/new/array_multiplier.vhd:169]
INFO: [Synth 8-3491] module 'summation_unit' declared at 'Z:/EE26/floatin_point_multiplier/floatin_point_multiplier.srcs/sources_1/new/summation_unit.vhd:34' bound to instance 'top_row_adders' of component 'summation_unit' [Z:/EE26/floatin_point_multiplier/floatin_point_multiplier.srcs/sources_1/new/array_multiplier.vhd:169]
INFO: [Synth 8-3491] module 'summation_unit' declared at 'Z:/EE26/floatin_point_multiplier/floatin_point_multiplier.srcs/sources_1/new/summation_unit.vhd:34' bound to instance 'top_row_adders' of component 'summation_unit' [Z:/EE26/floatin_point_multiplier/floatin_point_multiplier.srcs/sources_1/new/array_multiplier.vhd:169]
INFO: [Synth 8-3491] module 'summation_unit' declared at 'Z:/EE26/floatin_point_multiplier/floatin_point_multiplier.srcs/sources_1/new/summation_unit.vhd:34' bound to instance 'top_row_adders' of component 'summation_unit' [Z:/EE26/floatin_point_multiplier/floatin_point_multiplier.srcs/sources_1/new/array_multiplier.vhd:169]
INFO: [Synth 8-3491] module 'summation_unit' declared at 'Z:/EE26/floatin_point_multiplier/floatin_point_multiplier.srcs/sources_1/new/summation_unit.vhd:34' bound to instance 'top_row_adders' of component 'summation_unit' [Z:/EE26/floatin_point_multiplier/floatin_point_multiplier.srcs/sources_1/new/array_multiplier.vhd:169]
INFO: [Synth 8-3491] module 'summation_unit' declared at 'Z:/EE26/floatin_point_multiplier/floatin_point_multiplier.srcs/sources_1/new/summation_unit.vhd:34' bound to instance 'top_row_adders' of component 'summation_unit' [Z:/EE26/floatin_point_multiplier/floatin_point_multiplier.srcs/sources_1/new/array_multiplier.vhd:169]
INFO: [Synth 8-3491] module 'summation_unit' declared at 'Z:/EE26/floatin_point_multiplier/floatin_point_multiplier.srcs/sources_1/new/summation_unit.vhd:34' bound to instance 'top_row_adders' of component 'summation_unit' [Z:/EE26/floatin_point_multiplier/floatin_point_multiplier.srcs/sources_1/new/array_multiplier.vhd:169]
INFO: [Synth 8-3491] module 'summation_unit' declared at 'Z:/EE26/floatin_point_multiplier/floatin_point_multiplier.srcs/sources_1/new/summation_unit.vhd:34' bound to instance 'top_row_adders' of component 'summation_unit' [Z:/EE26/floatin_point_multiplier/floatin_point_multiplier.srcs/sources_1/new/array_multiplier.vhd:169]
INFO: [Synth 8-3491] module 'summation_unit' declared at 'Z:/EE26/floatin_point_multiplier/floatin_point_multiplier.srcs/sources_1/new/summation_unit.vhd:34' bound to instance 'top_row_adders' of component 'summation_unit' [Z:/EE26/floatin_point_multiplier/floatin_point_multiplier.srcs/sources_1/new/array_multiplier.vhd:169]
INFO: [Synth 8-3491] module 'summation_unit' declared at 'Z:/EE26/floatin_point_multiplier/floatin_point_multiplier.srcs/sources_1/new/summation_unit.vhd:34' bound to instance 'top_row_adders' of component 'summation_unit' [Z:/EE26/floatin_point_multiplier/floatin_point_multiplier.srcs/sources_1/new/array_multiplier.vhd:169]
INFO: [Synth 8-3491] module 'summation_unit' declared at 'Z:/EE26/floatin_point_multiplier/floatin_point_multiplier.srcs/sources_1/new/summation_unit.vhd:34' bound to instance 'top_row_adders' of component 'summation_unit' [Z:/EE26/floatin_point_multiplier/floatin_point_multiplier.srcs/sources_1/new/array_multiplier.vhd:169]
INFO: [Synth 8-3491] module 'summation_unit' declared at 'Z:/EE26/floatin_point_multiplier/floatin_point_multiplier.srcs/sources_1/new/summation_unit.vhd:34' bound to instance 'top_row_adders' of component 'summation_unit' [Z:/EE26/floatin_point_multiplier/floatin_point_multiplier.srcs/sources_1/new/array_multiplier.vhd:169]
INFO: [Synth 8-3491] module 'summation_unit' declared at 'Z:/EE26/floatin_point_multiplier/floatin_point_multiplier.srcs/sources_1/new/summation_unit.vhd:34' bound to instance 'bottom_row_adders' of component 'summation_unit' [Z:/EE26/floatin_point_multiplier/floatin_point_multiplier.srcs/sources_1/new/array_multiplier.vhd:173]
INFO: [Synth 8-3491] module 'summation_unit' declared at 'Z:/EE26/floatin_point_multiplier/floatin_point_multiplier.srcs/sources_1/new/summation_unit.vhd:34' bound to instance 'bottom_row_adders' of component 'summation_unit' [Z:/EE26/floatin_point_multiplier/floatin_point_multiplier.srcs/sources_1/new/array_multiplier.vhd:173]
INFO: [Synth 8-3491] module 'summation_unit' declared at 'Z:/EE26/floatin_point_multiplier/floatin_point_multiplier.srcs/sources_1/new/summation_unit.vhd:34' bound to instance 'bottom_row_adders' of component 'summation_unit' [Z:/EE26/floatin_point_multiplier/floatin_point_multiplier.srcs/sources_1/new/array_multiplier.vhd:173]
INFO: [Synth 8-3491] module 'summation_unit' declared at 'Z:/EE26/floatin_point_multiplier/floatin_point_multiplier.srcs/sources_1/new/summation_unit.vhd:34' bound to instance 'bottom_row_adders' of component 'summation_unit' [Z:/EE26/floatin_point_multiplier/floatin_point_multiplier.srcs/sources_1/new/array_multiplier.vhd:173]
INFO: [Synth 8-3491] module 'summation_unit' declared at 'Z:/EE26/floatin_point_multiplier/floatin_point_multiplier.srcs/sources_1/new/summation_unit.vhd:34' bound to instance 'bottom_row_adders' of component 'summation_unit' [Z:/EE26/floatin_point_multiplier/floatin_point_multiplier.srcs/sources_1/new/array_multiplier.vhd:173]
INFO: [Synth 8-3491] module 'summation_unit' declared at 'Z:/EE26/floatin_point_multiplier/floatin_point_multiplier.srcs/sources_1/new/summation_unit.vhd:34' bound to instance 'bottom_row_adders' of component 'summation_unit' [Z:/EE26/floatin_point_multiplier/floatin_point_multiplier.srcs/sources_1/new/array_multiplier.vhd:173]
INFO: [Synth 8-3491] module 'summation_unit' declared at 'Z:/EE26/floatin_point_multiplier/floatin_point_multiplier.srcs/sources_1/new/summation_unit.vhd:34' bound to instance 'bottom_row_adders' of component 'summation_unit' [Z:/EE26/floatin_point_multiplier/floatin_point_multiplier.srcs/sources_1/new/array_multiplier.vhd:173]
INFO: [Synth 8-3491] module 'summation_unit' declared at 'Z:/EE26/floatin_point_multiplier/floatin_point_multiplier.srcs/sources_1/new/summation_unit.vhd:34' bound to instance 'bottom_row_adders' of component 'summation_unit' [Z:/EE26/floatin_point_multiplier/floatin_point_multiplier.srcs/sources_1/new/array_multiplier.vhd:173]
INFO: [Synth 8-3491] module 'summation_unit' declared at 'Z:/EE26/floatin_point_multiplier/floatin_point_multiplier.srcs/sources_1/new/summation_unit.vhd:34' bound to instance 'bottom_row_adders' of component 'summation_unit' [Z:/EE26/floatin_point_multiplier/floatin_point_multiplier.srcs/sources_1/new/array_multiplier.vhd:173]
INFO: [Synth 8-3491] module 'summation_unit' declared at 'Z:/EE26/floatin_point_multiplier/floatin_point_multiplier.srcs/sources_1/new/summation_unit.vhd:34' bound to instance 'bottom_row_adders' of component 'summation_unit' [Z:/EE26/floatin_point_multiplier/floatin_point_multiplier.srcs/sources_1/new/array_multiplier.vhd:173]
INFO: [Synth 8-3491] module 'summation_unit' declared at 'Z:/EE26/floatin_point_multiplier/floatin_point_multiplier.srcs/sources_1/new/summation_unit.vhd:34' bound to instance 'bottom_row_adders' of component 'summation_unit' [Z:/EE26/floatin_point_multiplier/floatin_point_multiplier.srcs/sources_1/new/array_multiplier.vhd:173]
INFO: [Synth 8-3491] module 'summation_unit' declared at 'Z:/EE26/floatin_point_multiplier/floatin_point_multiplier.srcs/sources_1/new/summation_unit.vhd:34' bound to instance 'bottom_row_adders' of component 'summation_unit' [Z:/EE26/floatin_point_multiplier/floatin_point_multiplier.srcs/sources_1/new/array_multiplier.vhd:173]
INFO: [Synth 8-3491] module 'summation_unit' declared at 'Z:/EE26/floatin_point_multiplier/floatin_point_multiplier.srcs/sources_1/new/summation_unit.vhd:34' bound to instance 'bottom_row_adders' of component 'summation_unit' [Z:/EE26/floatin_point_multiplier/floatin_point_multiplier.srcs/sources_1/new/array_multiplier.vhd:173]
INFO: [Synth 8-3491] module 'summation_unit' declared at 'Z:/EE26/floatin_point_multiplier/floatin_point_multiplier.srcs/sources_1/new/summation_unit.vhd:34' bound to instance 'bottom_row_adders' of component 'summation_unit' [Z:/EE26/floatin_point_multiplier/floatin_point_multiplier.srcs/sources_1/new/array_multiplier.vhd:173]
INFO: [Synth 8-3491] module 'summation_unit' declared at 'Z:/EE26/floatin_point_multiplier/floatin_point_multiplier.srcs/sources_1/new/summation_unit.vhd:34' bound to instance 'bottom_row_adders' of component 'summation_unit' [Z:/EE26/floatin_point_multiplier/floatin_point_multiplier.srcs/sources_1/new/array_multiplier.vhd:173]
INFO: [Synth 8-3491] module 'summation_unit' declared at 'Z:/EE26/floatin_point_multiplier/floatin_point_multiplier.srcs/sources_1/new/summation_unit.vhd:34' bound to instance 'bottom_row_adders' of component 'summation_unit' [Z:/EE26/floatin_point_multiplier/floatin_point_multiplier.srcs/sources_1/new/array_multiplier.vhd:173]
INFO: [Synth 8-3491] module 'summation_unit' declared at 'Z:/EE26/floatin_point_multiplier/floatin_point_multiplier.srcs/sources_1/new/summation_unit.vhd:34' bound to instance 'bottom_row_adders' of component 'summation_unit' [Z:/EE26/floatin_point_multiplier/floatin_point_multiplier.srcs/sources_1/new/array_multiplier.vhd:173]
INFO: [Synth 8-3491] module 'summation_unit' declared at 'Z:/EE26/floatin_point_multiplier/floatin_point_multiplier.srcs/sources_1/new/summation_unit.vhd:34' bound to instance 'bottom_row_adders' of component 'summation_unit' [Z:/EE26/floatin_point_multiplier/floatin_point_multiplier.srcs/sources_1/new/array_multiplier.vhd:173]
INFO: [Synth 8-3491] module 'summation_unit' declared at 'Z:/EE26/floatin_point_multiplier/floatin_point_multiplier.srcs/sources_1/new/summation_unit.vhd:34' bound to instance 'bottom_row_adders' of component 'summation_unit' [Z:/EE26/floatin_point_multiplier/floatin_point_multiplier.srcs/sources_1/new/array_multiplier.vhd:173]
INFO: [Synth 8-3491] module 'summation_unit' declared at 'Z:/EE26/floatin_point_multiplier/floatin_point_multiplier.srcs/sources_1/new/summation_unit.vhd:34' bound to instance 'bottom_row_adders' of component 'summation_unit' [Z:/EE26/floatin_point_multiplier/floatin_point_multiplier.srcs/sources_1/new/array_multiplier.vhd:173]
INFO: [Synth 8-3491] module 'summation_unit' declared at 'Z:/EE26/floatin_point_multiplier/floatin_point_multiplier.srcs/sources_1/new/summation_unit.vhd:34' bound to instance 'bottom_row_adders' of component 'summation_unit' [Z:/EE26/floatin_point_multiplier/floatin_point_multiplier.srcs/sources_1/new/array_multiplier.vhd:173]
INFO: [Synth 8-3491] module 'summation_unit' declared at 'Z:/EE26/floatin_point_multiplier/floatin_point_multiplier.srcs/sources_1/new/summation_unit.vhd:34' bound to instance 'bottom_row_adders' of component 'summation_unit' [Z:/EE26/floatin_point_multiplier/floatin_point_multiplier.srcs/sources_1/new/array_multiplier.vhd:173]
INFO: [Synth 8-3491] module 'summation_unit' declared at 'Z:/EE26/floatin_point_multiplier/floatin_point_multiplier.srcs/sources_1/new/summation_unit.vhd:34' bound to instance 'right_col_adders' of component 'summation_unit' [Z:/EE26/floatin_point_multiplier/floatin_point_multiplier.srcs/sources_1/new/array_multiplier.vhd:177]
INFO: [Synth 8-3491] module 'summation_unit' declared at 'Z:/EE26/floatin_point_multiplier/floatin_point_multiplier.srcs/sources_1/new/summation_unit.vhd:34' bound to instance 'right_col_adders' of component 'summation_unit' [Z:/EE26/floatin_point_multiplier/floatin_point_multiplier.srcs/sources_1/new/array_multiplier.vhd:177]
INFO: [Synth 8-3491] module 'summation_unit' declared at 'Z:/EE26/floatin_point_multiplier/floatin_point_multiplier.srcs/sources_1/new/summation_unit.vhd:34' bound to instance 'right_col_adders' of component 'summation_unit' [Z:/EE26/floatin_point_multiplier/floatin_point_multiplier.srcs/sources_1/new/array_multiplier.vhd:177]
INFO: [Synth 8-3491] module 'summation_unit' declared at 'Z:/EE26/floatin_point_multiplier/floatin_point_multiplier.srcs/sources_1/new/summation_unit.vhd:34' bound to instance 'right_col_adders' of component 'summation_unit' [Z:/EE26/floatin_point_multiplier/floatin_point_multiplier.srcs/sources_1/new/array_multiplier.vhd:177]
INFO: [Synth 8-3491] module 'summation_unit' declared at 'Z:/EE26/floatin_point_multiplier/floatin_point_multiplier.srcs/sources_1/new/summation_unit.vhd:34' bound to instance 'right_col_adders' of component 'summation_unit' [Z:/EE26/floatin_point_multiplier/floatin_point_multiplier.srcs/sources_1/new/array_multiplier.vhd:177]
INFO: [Synth 8-3491] module 'summation_unit' declared at 'Z:/EE26/floatin_point_multiplier/floatin_point_multiplier.srcs/sources_1/new/summation_unit.vhd:34' bound to instance 'right_col_adders' of component 'summation_unit' [Z:/EE26/floatin_point_multiplier/floatin_point_multiplier.srcs/sources_1/new/array_multiplier.vhd:177]
INFO: [Synth 8-3491] module 'summation_unit' declared at 'Z:/EE26/floatin_point_multiplier/floatin_point_multiplier.srcs/sources_1/new/summation_unit.vhd:34' bound to instance 'right_col_adders' of component 'summation_unit' [Z:/EE26/floatin_point_multiplier/floatin_point_multiplier.srcs/sources_1/new/array_multiplier.vhd:177]
INFO: [Synth 8-3491] module 'summation_unit' declared at 'Z:/EE26/floatin_point_multiplier/floatin_point_multiplier.srcs/sources_1/new/summation_unit.vhd:34' bound to instance 'right_col_adders' of component 'summation_unit' [Z:/EE26/floatin_point_multiplier/floatin_point_multiplier.srcs/sources_1/new/array_multiplier.vhd:177]
INFO: [Synth 8-3491] module 'summation_unit' declared at 'Z:/EE26/floatin_point_multiplier/floatin_point_multiplier.srcs/sources_1/new/summation_unit.vhd:34' bound to instance 'right_col_adders' of component 'summation_unit' [Z:/EE26/floatin_point_multiplier/floatin_point_multiplier.srcs/sources_1/new/array_multiplier.vhd:177]
INFO: [Synth 8-3491] module 'summation_unit' declared at 'Z:/EE26/floatin_point_multiplier/floatin_point_multiplier.srcs/sources_1/new/summation_unit.vhd:34' bound to instance 'right_col_adders' of component 'summation_unit' [Z:/EE26/floatin_point_multiplier/floatin_point_multiplier.srcs/sources_1/new/array_multiplier.vhd:177]
INFO: [Synth 8-3491] module 'summation_unit' declared at 'Z:/EE26/floatin_point_multiplier/floatin_point_multiplier.srcs/sources_1/new/summation_unit.vhd:34' bound to instance 'right_col_adders' of component 'summation_unit' [Z:/EE26/floatin_point_multiplier/floatin_point_multiplier.srcs/sources_1/new/array_multiplier.vhd:177]
INFO: [Synth 8-3491] module 'summation_unit' declared at 'Z:/EE26/floatin_point_multiplier/floatin_point_multiplier.srcs/sources_1/new/summation_unit.vhd:34' bound to instance 'right_col_adders' of component 'summation_unit' [Z:/EE26/floatin_point_multiplier/floatin_point_multiplier.srcs/sources_1/new/array_multiplier.vhd:177]
INFO: [Synth 8-3491] module 'summation_unit' declared at 'Z:/EE26/floatin_point_multiplier/floatin_point_multiplier.srcs/sources_1/new/summation_unit.vhd:34' bound to instance 'right_col_adders' of component 'summation_unit' [Z:/EE26/floatin_point_multiplier/floatin_point_multiplier.srcs/sources_1/new/array_multiplier.vhd:177]
INFO: [Synth 8-3491] module 'summation_unit' declared at 'Z:/EE26/floatin_point_multiplier/floatin_point_multiplier.srcs/sources_1/new/summation_unit.vhd:34' bound to instance 'right_col_adders' of component 'summation_unit' [Z:/EE26/floatin_point_multiplier/floatin_point_multiplier.srcs/sources_1/new/array_multiplier.vhd:177]
INFO: [Synth 8-3491] module 'summation_unit' declared at 'Z:/EE26/floatin_point_multiplier/floatin_point_multiplier.srcs/sources_1/new/summation_unit.vhd:34' bound to instance 'right_col_adders' of component 'summation_unit' [Z:/EE26/floatin_point_multiplier/floatin_point_multiplier.srcs/sources_1/new/array_multiplier.vhd:177]
INFO: [Synth 8-3491] module 'summation_unit' declared at 'Z:/EE26/floatin_point_multiplier/floatin_point_multiplier.srcs/sources_1/new/summation_unit.vhd:34' bound to instance 'right_col_adders' of component 'summation_unit' [Z:/EE26/floatin_point_multiplier/floatin_point_multiplier.srcs/sources_1/new/array_multiplier.vhd:177]
INFO: [Synth 8-3491] module 'summation_unit' declared at 'Z:/EE26/floatin_point_multiplier/floatin_point_multiplier.srcs/sources_1/new/summation_unit.vhd:34' bound to instance 'right_col_adders' of component 'summation_unit' [Z:/EE26/floatin_point_multiplier/floatin_point_multiplier.srcs/sources_1/new/array_multiplier.vhd:177]
INFO: [Synth 8-3491] module 'summation_unit' declared at 'Z:/EE26/floatin_point_multiplier/floatin_point_multiplier.srcs/sources_1/new/summation_unit.vhd:34' bound to instance 'right_col_adders' of component 'summation_unit' [Z:/EE26/floatin_point_multiplier/floatin_point_multiplier.srcs/sources_1/new/array_multiplier.vhd:177]
INFO: [Synth 8-3491] module 'summation_unit' declared at 'Z:/EE26/floatin_point_multiplier/floatin_point_multiplier.srcs/sources_1/new/summation_unit.vhd:34' bound to instance 'right_col_adders' of component 'summation_unit' [Z:/EE26/floatin_point_multiplier/floatin_point_multiplier.srcs/sources_1/new/array_multiplier.vhd:177]
INFO: [Synth 8-3491] module 'summation_unit' declared at 'Z:/EE26/floatin_point_multiplier/floatin_point_multiplier.srcs/sources_1/new/summation_unit.vhd:34' bound to instance 'right_col_adders' of component 'summation_unit' [Z:/EE26/floatin_point_multiplier/floatin_point_multiplier.srcs/sources_1/new/array_multiplier.vhd:177]
INFO: [Synth 8-3491] module 'summation_unit' declared at 'Z:/EE26/floatin_point_multiplier/floatin_point_multiplier.srcs/sources_1/new/summation_unit.vhd:34' bound to instance 'right_col_adders' of component 'summation_unit' [Z:/EE26/floatin_point_multiplier/floatin_point_multiplier.srcs/sources_1/new/array_multiplier.vhd:177]
INFO: [Synth 8-3491] module 'summation_unit' declared at 'Z:/EE26/floatin_point_multiplier/floatin_point_multiplier.srcs/sources_1/new/summation_unit.vhd:34' bound to instance 'right_col_adders' of component 'summation_unit' [Z:/EE26/floatin_point_multiplier/floatin_point_multiplier.srcs/sources_1/new/array_multiplier.vhd:177]
INFO: [Synth 8-3491] module 'summation_unit' declared at 'Z:/EE26/floatin_point_multiplier/floatin_point_multiplier.srcs/sources_1/new/summation_unit.vhd:34' bound to instance 'left_col_adders' of component 'summation_unit' [Z:/EE26/floatin_point_multiplier/floatin_point_multiplier.srcs/sources_1/new/array_multiplier.vhd:181]
INFO: [Synth 8-3491] module 'summation_unit' declared at 'Z:/EE26/floatin_point_multiplier/floatin_point_multiplier.srcs/sources_1/new/summation_unit.vhd:34' bound to instance 'left_col_adders' of component 'summation_unit' [Z:/EE26/floatin_point_multiplier/floatin_point_multiplier.srcs/sources_1/new/array_multiplier.vhd:181]
INFO: [Synth 8-3491] module 'summation_unit' declared at 'Z:/EE26/floatin_point_multiplier/floatin_point_multiplier.srcs/sources_1/new/summation_unit.vhd:34' bound to instance 'left_col_adders' of component 'summation_unit' [Z:/EE26/floatin_point_multiplier/floatin_point_multiplier.srcs/sources_1/new/array_multiplier.vhd:181]
INFO: [Synth 8-3491] module 'summation_unit' declared at 'Z:/EE26/floatin_point_multiplier/floatin_point_multiplier.srcs/sources_1/new/summation_unit.vhd:34' bound to instance 'left_col_adders' of component 'summation_unit' [Z:/EE26/floatin_point_multiplier/floatin_point_multiplier.srcs/sources_1/new/array_multiplier.vhd:181]
INFO: [Synth 8-3491] module 'summation_unit' declared at 'Z:/EE26/floatin_point_multiplier/floatin_point_multiplier.srcs/sources_1/new/summation_unit.vhd:34' bound to instance 'left_col_adders' of component 'summation_unit' [Z:/EE26/floatin_point_multiplier/floatin_point_multiplier.srcs/sources_1/new/array_multiplier.vhd:181]
INFO: [Synth 8-3491] module 'summation_unit' declared at 'Z:/EE26/floatin_point_multiplier/floatin_point_multiplier.srcs/sources_1/new/summation_unit.vhd:34' bound to instance 'left_col_adders' of component 'summation_unit' [Z:/EE26/floatin_point_multiplier/floatin_point_multiplier.srcs/sources_1/new/array_multiplier.vhd:181]
INFO: [Synth 8-3491] module 'summation_unit' declared at 'Z:/EE26/floatin_point_multiplier/floatin_point_multiplier.srcs/sources_1/new/summation_unit.vhd:34' bound to instance 'left_col_adders' of component 'summation_unit' [Z:/EE26/floatin_point_multiplier/floatin_point_multiplier.srcs/sources_1/new/array_multiplier.vhd:181]
INFO: [Synth 8-3491] module 'summation_unit' declared at 'Z:/EE26/floatin_point_multiplier/floatin_point_multiplier.srcs/sources_1/new/summation_unit.vhd:34' bound to instance 'left_col_adders' of component 'summation_unit' [Z:/EE26/floatin_point_multiplier/floatin_point_multiplier.srcs/sources_1/new/array_multiplier.vhd:181]
INFO: [Synth 8-3491] module 'summation_unit' declared at 'Z:/EE26/floatin_point_multiplier/floatin_point_multiplier.srcs/sources_1/new/summation_unit.vhd:34' bound to instance 'left_col_adders' of component 'summation_unit' [Z:/EE26/floatin_point_multiplier/floatin_point_multiplier.srcs/sources_1/new/array_multiplier.vhd:181]
INFO: [Synth 8-3491] module 'summation_unit' declared at 'Z:/EE26/floatin_point_multiplier/floatin_point_multiplier.srcs/sources_1/new/summation_unit.vhd:34' bound to instance 'left_col_adders' of component 'summation_unit' [Z:/EE26/floatin_point_multiplier/floatin_point_multiplier.srcs/sources_1/new/array_multiplier.vhd:181]
INFO: [Synth 8-3491] module 'summation_unit' declared at 'Z:/EE26/floatin_point_multiplier/floatin_point_multiplier.srcs/sources_1/new/summation_unit.vhd:34' bound to instance 'left_col_adders' of component 'summation_unit' [Z:/EE26/floatin_point_multiplier/floatin_point_multiplier.srcs/sources_1/new/array_multiplier.vhd:181]
INFO: [Synth 8-3491] module 'summation_unit' declared at 'Z:/EE26/floatin_point_multiplier/floatin_point_multiplier.srcs/sources_1/new/summation_unit.vhd:34' bound to instance 'left_col_adders' of component 'summation_unit' [Z:/EE26/floatin_point_multiplier/floatin_point_multiplier.srcs/sources_1/new/array_multiplier.vhd:181]
INFO: [Synth 8-3491] module 'summation_unit' declared at 'Z:/EE26/floatin_point_multiplier/floatin_point_multiplier.srcs/sources_1/new/summation_unit.vhd:34' bound to instance 'left_col_adders' of component 'summation_unit' [Z:/EE26/floatin_point_multiplier/floatin_point_multiplier.srcs/sources_1/new/array_multiplier.vhd:181]
INFO: [Synth 8-3491] module 'summation_unit' declared at 'Z:/EE26/floatin_point_multiplier/floatin_point_multiplier.srcs/sources_1/new/summation_unit.vhd:34' bound to instance 'left_col_adders' of component 'summation_unit' [Z:/EE26/floatin_point_multiplier/floatin_point_multiplier.srcs/sources_1/new/array_multiplier.vhd:181]
INFO: [Synth 8-3491] module 'summation_unit' declared at 'Z:/EE26/floatin_point_multiplier/floatin_point_multiplier.srcs/sources_1/new/summation_unit.vhd:34' bound to instance 'left_col_adders' of component 'summation_unit' [Z:/EE26/floatin_point_multiplier/floatin_point_multiplier.srcs/sources_1/new/array_multiplier.vhd:181]
INFO: [Synth 8-3491] module 'summation_unit' declared at 'Z:/EE26/floatin_point_multiplier/floatin_point_multiplier.srcs/sources_1/new/summation_unit.vhd:34' bound to instance 'left_col_adders' of component 'summation_unit' [Z:/EE26/floatin_point_multiplier/floatin_point_multiplier.srcs/sources_1/new/array_multiplier.vhd:181]
INFO: [Synth 8-3491] module 'summation_unit' declared at 'Z:/EE26/floatin_point_multiplier/floatin_point_multiplier.srcs/sources_1/new/summation_unit.vhd:34' bound to instance 'left_col_adders' of component 'summation_unit' [Z:/EE26/floatin_point_multiplier/floatin_point_multiplier.srcs/sources_1/new/array_multiplier.vhd:181]
INFO: [Synth 8-3491] module 'summation_unit' declared at 'Z:/EE26/floatin_point_multiplier/floatin_point_multiplier.srcs/sources_1/new/summation_unit.vhd:34' bound to instance 'left_col_adders' of component 'summation_unit' [Z:/EE26/floatin_point_multiplier/floatin_point_multiplier.srcs/sources_1/new/array_multiplier.vhd:181]
INFO: [Synth 8-3491] module 'summation_unit' declared at 'Z:/EE26/floatin_point_multiplier/floatin_point_multiplier.srcs/sources_1/new/summation_unit.vhd:34' bound to instance 'left_col_adders' of component 'summation_unit' [Z:/EE26/floatin_point_multiplier/floatin_point_multiplier.srcs/sources_1/new/array_multiplier.vhd:181]
INFO: [Synth 8-3491] module 'summation_unit' declared at 'Z:/EE26/floatin_point_multiplier/floatin_point_multiplier.srcs/sources_1/new/summation_unit.vhd:34' bound to instance 'left_col_adders' of component 'summation_unit' [Z:/EE26/floatin_point_multiplier/floatin_point_multiplier.srcs/sources_1/new/array_multiplier.vhd:181]
INFO: [Synth 8-3491] module 'summation_unit' declared at 'Z:/EE26/floatin_point_multiplier/floatin_point_multiplier.srcs/sources_1/new/summation_unit.vhd:34' bound to instance 'left_col_adders' of component 'summation_unit' [Z:/EE26/floatin_point_multiplier/floatin_point_multiplier.srcs/sources_1/new/array_multiplier.vhd:181]
INFO: [Synth 8-3491] module 'summation_unit' declared at 'Z:/EE26/floatin_point_multiplier/floatin_point_multiplier.srcs/sources_1/new/summation_unit.vhd:34' bound to instance 'left_col_adders' of component 'summation_unit' [Z:/EE26/floatin_point_multiplier/floatin_point_multiplier.srcs/sources_1/new/array_multiplier.vhd:181]
INFO: [Synth 8-3491] module 'summation_unit' declared at 'Z:/EE26/floatin_point_multiplier/floatin_point_multiplier.srcs/sources_1/new/summation_unit.vhd:34' bound to instance 'center_block_adders' of component 'summation_unit' [Z:/EE26/floatin_point_multiplier/floatin_point_multiplier.srcs/sources_1/new/array_multiplier.vhd:187]
INFO: [Synth 8-3491] module 'summation_unit' declared at 'Z:/EE26/floatin_point_multiplier/floatin_point_multiplier.srcs/sources_1/new/summation_unit.vhd:34' bound to instance 'center_block_adders' of component 'summation_unit' [Z:/EE26/floatin_point_multiplier/floatin_point_multiplier.srcs/sources_1/new/array_multiplier.vhd:187]
INFO: [Synth 8-3491] module 'summation_unit' declared at 'Z:/EE26/floatin_point_multiplier/floatin_point_multiplier.srcs/sources_1/new/summation_unit.vhd:34' bound to instance 'center_block_adders' of component 'summation_unit' [Z:/EE26/floatin_point_multiplier/floatin_point_multiplier.srcs/sources_1/new/array_multiplier.vhd:187]
INFO: [Synth 8-3491] module 'summation_unit' declared at 'Z:/EE26/floatin_point_multiplier/floatin_point_multiplier.srcs/sources_1/new/summation_unit.vhd:34' bound to instance 'center_block_adders' of component 'summation_unit' [Z:/EE26/floatin_point_multiplier/floatin_point_multiplier.srcs/sources_1/new/array_multiplier.vhd:187]
INFO: [Synth 8-3491] module 'summation_unit' declared at 'Z:/EE26/floatin_point_multiplier/floatin_point_multiplier.srcs/sources_1/new/summation_unit.vhd:34' bound to instance 'center_block_adders' of component 'summation_unit' [Z:/EE26/floatin_point_multiplier/floatin_point_multiplier.srcs/sources_1/new/array_multiplier.vhd:187]
INFO: [Common 17-14] Message 'Synth 8-3491' appears 100 times and further instances of the messages will be disabled. Use the Tcl command set_msg_config to change the current settings.
INFO: [Synth 8-256] done synthesizing module 'array_multiplier' (3#1) [Z:/EE26/floatin_point_multiplier/floatin_point_multiplier.srcs/sources_1/new/array_multiplier.vhd:138]
INFO: [Synth 8-256] done synthesizing module 'floating_point_multiplier' (4#1) [Z:/EE26/floatin_point_multiplier/floatin_point_multiplier.srcs/sources_1/new/floating_point_multiplier.vhd:41]
INFO: [Synth 8-638] synthesizing module 'dist_mem_gen_0' [Z:/EE26/floatin_point_multiplier/floatin_point_multiplier.runs/synth_1/.Xil/Vivado-6416-lab225C/realtime/dist_mem_gen_0_stub.vhdl:13]
INFO: [Synth 8-226] default block is never used [Z:/EE26/floatin_point_multiplier/floatin_point_multiplier.srcs/sources_1/new/hardware_interface.vhd:85]
INFO: [Synth 8-226] default block is never used [Z:/EE26/floatin_point_multiplier/floatin_point_multiplier.srcs/sources_1/new/hardware_interface.vhd:97]
INFO: [Synth 8-226] default block is never used [Z:/EE26/floatin_point_multiplier/floatin_point_multiplier.srcs/sources_1/new/hardware_interface.vhd:108]
INFO: [Synth 8-256] done synthesizing module 'hardware_interface' (5#1) [Z:/EE26/floatin_point_multiplier/floatin_point_multiplier.srcs/sources_1/new/hardware_interface.vhd:43]
---------------------------------------------------------------------------------
Finished RTL Elaboration : Time (s): cpu = 00:00:08 ; elapsed = 00:00:08 . Memory (MB): peak = 409.879 ; gain = 154.016
---------------------------------------------------------------------------------

Report Check Netlist: 
+------+------------------+-------+---------+-------+------------------+
|      |Item              |Errors |Warnings |Status |Description       |
+------+------------------+-------+---------+-------+------------------+
|1     |multi_driven_nets |      0|        0|Passed |Multi driven nets |
+------+------------------+-------+---------+-------+------------------+
---------------------------------------------------------------------------------
Finished RTL Optimization Phase 1 : Time (s): cpu = 00:00:08 ; elapsed = 00:00:08 . Memory (MB): peak = 409.879 ; gain = 154.016
---------------------------------------------------------------------------------
INFO: [Device 21-403] Loading part xc7a100tcsg324-1
INFO: [Project 1-570] Preparing netlist for logic optimization

Processing XDC Constraints
Initializing timing engine
Parsing XDC File [Z:/EE26/floatin_point_multiplier/floatin_point_multiplier.runs/synth_1/.Xil/Vivado-6416-lab225C/dcp1/dist_mem_gen_0_in_context.xdc] for cell 'prom1'
Finished Parsing XDC File [Z:/EE26/floatin_point_multiplier/floatin_point_multiplier.runs/synth_1/.Xil/Vivado-6416-lab225C/dcp1/dist_mem_gen_0_in_context.xdc] for cell 'prom1'
Parsing XDC File [Z:/EE26/floatin_point_multiplier/floatin_point_multiplier.runs/synth_1/.Xil/Vivado-6416-lab225C/dcp1/dist_mem_gen_0_in_context.xdc] for cell 'prom2'
Finished Parsing XDC File [Z:/EE26/floatin_point_multiplier/floatin_point_multiplier.runs/synth_1/.Xil/Vivado-6416-lab225C/dcp1/dist_mem_gen_0_in_context.xdc] for cell 'prom2'
Parsing XDC File [Z:/EE26/floatin_point_multiplier/floatin_point_multiplier.srcs/constrs_1/new/pinout.xdc]
Finished Parsing XDC File [Z:/EE26/floatin_point_multiplier/floatin_point_multiplier.srcs/constrs_1/new/pinout.xdc]
INFO: [Project 1-236] Implementation specific constraints were found while reading constraint file [Z:/EE26/floatin_point_multiplier/floatin_point_multiplier.srcs/constrs_1/new/pinout.xdc]. These constraints will be ignored for synthesis but will be used in implementation. Impacted constraints are listed in the file [.Xil/hardware_interface_propImpl.xdc].
Resolution: To avoid this warning, move constraints listed in [.Xil/hardware_interface_propImpl.xdc] to another XDC file and exclude this new file from synthesis with the used_in_synthesis property (File Properties dialog in GUI) and re-run elaboration/synthesis.
Completed Processing XDC Constraints

INFO: [Project 1-111] Unisim Transformation Summary:
No Unisim elements were transformed.

Constraint Validation Runtime : Time (s): cpu = 00:00:00 ; elapsed = 00:00:00.036 . Memory (MB): peak = 766.527 ; gain = 0.000
---------------------------------------------------------------------------------
Finished Constraint Validation : Time (s): cpu = 00:00:19 ; elapsed = 00:00:21 . Memory (MB): peak = 766.527 ; gain = 510.664
---------------------------------------------------------------------------------
---------------------------------------------------------------------------------
Start Loading Part and Timing Information
---------------------------------------------------------------------------------
Loading part: xc7a100tcsg324-1
---------------------------------------------------------------------------------
Finished Loading Part and Timing Information : Time (s): cpu = 00:00:19 ; elapsed = 00:00:21 . Memory (MB): peak = 766.527 ; gain = 510.664
---------------------------------------------------------------------------------
---------------------------------------------------------------------------------
Start Applying 'set_property' XDC Constraints
---------------------------------------------------------------------------------
Applied set_property DONT_TOUCH = true for prom1. (constraint file  auto generated constraint, line ).
Applied set_property DONT_TOUCH = true for prom2. (constraint file  auto generated constraint, line ).
---------------------------------------------------------------------------------
Finished applying 'set_property' XDC Constraints : Time (s): cpu = 00:00:19 ; elapsed = 00:00:21 . Memory (MB): peak = 766.527 ; gain = 510.664
---------------------------------------------------------------------------------
WARNING: [Synth 8-6014] Unused sequential element counter_reg was removed.  [Z:/EE26/floatin_point_multiplier/floatin_point_multiplier.srcs/sources_1/new/hardware_interface.vhd:74]
---------------------------------------------------------------------------------
Finished RTL Optimization Phase 2 : Time (s): cpu = 00:00:20 ; elapsed = 00:00:22 . Memory (MB): peak = 766.527 ; gain = 510.664
---------------------------------------------------------------------------------

Report RTL Partitions: 
+-+--------------+------------+----------+
| |RTL Partition |Replication |Instances |
+-+--------------+------------+----------+
+-+--------------+------------+----------+
---------------------------------------------------------------------------------
Start RTL Component Statistics 
---------------------------------------------------------------------------------
Detailed RTL Component Info : 
+---Adders : 
	   2 Input     32 Bit       Adders := 1     
	   3 Input      8 Bit       Adders := 2     
	  49 Input      8 Bit       Adders := 1     
+---XORs : 
	   3 Input      1 Bit         XORs := 576   
	   2 Input      1 Bit         XORs := 2     
+---Registers : 
	                3 Bit    Registers := 1     
+---Muxes : 
	   2 Input     48 Bit        Muxes := 93    
	   2 Input     47 Bit        Muxes := 2     
	   2 Input      8 Bit        Muxes := 1     
	   8 Input      8 Bit        Muxes := 1     
	   3 Input      2 Bit        Muxes := 47    
	   2 Input      1 Bit        Muxes := 46    
---------------------------------------------------------------------------------
Finished RTL Component Statistics 
---------------------------------------------------------------------------------
---------------------------------------------------------------------------------
Start RTL Hierarchical Component Statistics 
---------------------------------------------------------------------------------
Hierarchical RTL Component report 
Module hardware_interface 
Detailed RTL Component Info : 
+---Adders : 
	   2 Input     32 Bit       Adders := 1     
+---XORs : 
	   2 Input      1 Bit         XORs := 1     
+---Registers : 
	                3 Bit    Registers := 1     
+---Muxes : 
	   8 Input      8 Bit        Muxes := 1     
Module full_adder 
Detailed RTL Component Info : 
+---XORs : 
	   3 Input      1 Bit         XORs := 1     
Module floating_point_multiplier 
Detailed RTL Component Info : 
+---Adders : 
	   3 Input      8 Bit       Adders := 2     
	  49 Input      8 Bit       Adders := 1     
+---XORs : 
	   2 Input      1 Bit         XORs := 1     
+---Muxes : 
	   2 Input     48 Bit        Muxes := 93    
	   2 Input     47 Bit        Muxes := 2     
	   2 Input      8 Bit        Muxes := 1     
	   3 Input      2 Bit        Muxes := 47    
	   2 Input      1 Bit        Muxes := 46    
---------------------------------------------------------------------------------
Finished RTL Hierarchical Component Statistics
---------------------------------------------------------------------------------
---------------------------------------------------------------------------------
Start Part Resource Summary
---------------------------------------------------------------------------------
Part Resources:
DSPs: 240 (col length:80)
BRAMs: 270 (col length: RAMB18 80 RAMB36 40)
---------------------------------------------------------------------------------
Finished Part Resource Summary
---------------------------------------------------------------------------------
---------------------------------------------------------------------------------
Start Cross Boundary and Area Optimization
---------------------------------------------------------------------------------
WARNING: [Synth 8-6014] Unused sequential element counter_reg was removed.  [Z:/EE26/floatin_point_multiplier/floatin_point_multiplier.srcs/sources_1/new/hardware_interface.vhd:74]
---------------------------------------------------------------------------------
Finished Cross Boundary and Area Optimization : Time (s): cpu = 00:00:50 ; elapsed = 00:00:52 . Memory (MB): peak = 777.652 ; gain = 521.789
---------------------------------------------------------------------------------

Report RTL Partitions: 
+-+--------------+------------+----------+
| |RTL Partition |Replication |Instances |
+-+--------------+------------+----------+
+-+--------------+------------+----------+
---------------------------------------------------------------------------------
Start Applying XDC Timing Constraints
---------------------------------------------------------------------------------
---------------------------------------------------------------------------------
Finished Applying XDC Timing Constraints : Time (s): cpu = 00:00:58 ; elapsed = 00:01:01 . Memory (MB): peak = 835.078 ; gain = 579.215
---------------------------------------------------------------------------------
---------------------------------------------------------------------------------
Start Timing Optimization
---------------------------------------------------------------------------------
---------------------------------------------------------------------------------
Finished Timing Optimization : Time (s): cpu = 00:00:59 ; elapsed = 00:01:02 . Memory (MB): peak = 836.965 ; gain = 581.102
---------------------------------------------------------------------------------

Report RTL Partitions: 
+-+--------------+------------+----------+
| |RTL Partition |Replication |Instances |
+-+--------------+------------+----------+
+-+--------------+------------+----------+
---------------------------------------------------------------------------------
Start Technology Mapping
---------------------------------------------------------------------------------
---------------------------------------------------------------------------------
Finished Technology Mapping : Time (s): cpu = 00:01:00 ; elapsed = 00:01:04 . Memory (MB): peak = 1047.852 ; gain = 791.988
---------------------------------------------------------------------------------

Report RTL Partitions: 
+-+--------------+------------+----------+
| |RTL Partition |Replication |Instances |
+-+--------------+------------+----------+
+-+--------------+------------+----------+
---------------------------------------------------------------------------------
Start IO Insertion
---------------------------------------------------------------------------------
---------------------------------------------------------------------------------
Start Flattening Before IO Insertion
---------------------------------------------------------------------------------
---------------------------------------------------------------------------------
Finished Flattening Before IO Insertion
---------------------------------------------------------------------------------
---------------------------------------------------------------------------------
Start Final Netlist Cleanup
---------------------------------------------------------------------------------
---------------------------------------------------------------------------------
Finished Final Netlist Cleanup
---------------------------------------------------------------------------------
---------------------------------------------------------------------------------
Finished IO Insertion : Time (s): cpu = 00:01:01 ; elapsed = 00:01:04 . Memory (MB): peak = 1047.852 ; gain = 791.988
---------------------------------------------------------------------------------

Report Check Netlist: 
+------+------------------+-------+---------+-------+------------------+
|      |Item              |Errors |Warnings |Status |Description       |
+------+------------------+-------+---------+-------+------------------+
|1     |multi_driven_nets |      0|        0|Passed |Multi driven nets |
+------+------------------+-------+---------+-------+------------------+
---------------------------------------------------------------------------------
Start Renaming Generated Instances
---------------------------------------------------------------------------------
---------------------------------------------------------------------------------
Finished Renaming Generated Instances : Time (s): cpu = 00:01:01 ; elapsed = 00:01:04 . Memory (MB): peak = 1047.852 ; gain = 791.988
---------------------------------------------------------------------------------

Report RTL Partitions: 
+-+--------------+------------+----------+
| |RTL Partition |Replication |Instances |
+-+--------------+------------+----------+
+-+--------------+------------+----------+
---------------------------------------------------------------------------------
Start Rebuilding User Hierarchy
---------------------------------------------------------------------------------
---------------------------------------------------------------------------------
Finished Rebuilding User Hierarchy : Time (s): cpu = 00:01:01 ; elapsed = 00:01:05 . Memory (MB): peak = 1047.852 ; gain = 791.988
---------------------------------------------------------------------------------
---------------------------------------------------------------------------------
Start Renaming Generated Ports
---------------------------------------------------------------------------------
---------------------------------------------------------------------------------
Finished Renaming Generated Ports : Time (s): cpu = 00:01:01 ; elapsed = 00:01:05 . Memory (MB): peak = 1047.852 ; gain = 791.988
---------------------------------------------------------------------------------
---------------------------------------------------------------------------------
Start Handling Custom Attributes
---------------------------------------------------------------------------------
---------------------------------------------------------------------------------
Finished Handling Custom Attributes : Time (s): cpu = 00:01:01 ; elapsed = 00:01:05 . Memory (MB): peak = 1047.852 ; gain = 791.988
---------------------------------------------------------------------------------
---------------------------------------------------------------------------------
Start Renaming Generated Nets
---------------------------------------------------------------------------------
---------------------------------------------------------------------------------
Finished Renaming Generated Nets : Time (s): cpu = 00:01:01 ; elapsed = 00:01:05 . Memory (MB): peak = 1047.852 ; gain = 791.988
---------------------------------------------------------------------------------
---------------------------------------------------------------------------------
Start Writing Synthesis Report
---------------------------------------------------------------------------------

Report BlackBoxes: 
+------+---------------+----------+
|      |BlackBox name  |Instances |
+------+---------------+----------+
|1     |dist_mem_gen_0 |         2|
+------+---------------+----------+

Report Cell Usage: 
+------+----------------------+------+
|      |Cell                  |Count |
+------+----------------------+------+
|1     |dist_mem_gen_0_bbox_1 |     1|
|2     |dist_mem_gen_0_bbox_2 |     1|
|3     |BUFG                  |     1|
|4     |CARRY4                |    36|
|5     |LUT1                  |    22|
|6     |LUT2                  |   507|
|7     |LUT3                  |    80|
|8     |LUT4                  |   165|
|9     |LUT5                  |    86|
|10    |LUT6                  |   920|
|11    |MUXF7                 |     1|
|12    |FDRE                  |    35|
|13    |IBUF                  |     9|
|14    |OBUF                  |    16|
+------+----------------------+------+

Report Instance Areas: 
+------+---------+-------+------+
|      |Instance |Module |Cells |
+------+---------+-------+------+
|1     |top      |       |  1942|
+------+---------+-------+------+
---------------------------------------------------------------------------------
Finished Writing Synthesis Report : Time (s): cpu = 00:01:01 ; elapsed = 00:01:05 . Memory (MB): peak = 1047.852 ; gain = 791.988
---------------------------------------------------------------------------------
Synthesis finished with 0 errors, 0 critical warnings and 2 warnings.
Synthesis Optimization Runtime : Time (s): cpu = 00:00:47 ; elapsed = 00:00:57 . Memory (MB): peak = 1047.852 ; gain = 435.340
Synthesis Optimization Complete : Time (s): cpu = 00:01:01 ; elapsed = 00:01:05 . Memory (MB): peak = 1047.852 ; gain = 791.988
INFO: [Project 1-571] Translating synthesized netlist
INFO: [Netlist 29-17] Analyzing 46 Unisim elements for replacement
INFO: [Netlist 29-28] Unisim Transformation completed in 0 CPU seconds
WARNING: [Netlist 29-101] Netlist 'hardware_interface' is not ideal for floorplanning, since the cellview 'hardware_interface' contains a large number of primitives.  Please consider enabling hierarchy in synthesis if you want to do floorplanning.
INFO: [Project 1-570] Preparing netlist for logic optimization
INFO: [Opt 31-138] Pushed 0 inverter(s) to 0 load pin(s).
INFO: [Project 1-111] Unisim Transformation Summary:
No Unisim elements were transformed.

INFO: [Common 17-83] Releasing license: Synthesis
127 Infos, 3 Warnings, 0 Critical Warnings and 0 Errors encountered.
synth_design completed successfully
synth_design: Time (s): cpu = 00:01:03 ; elapsed = 00:01:09 . Memory (MB): peak = 1047.852 ; gain = 803.461
INFO: [Common 17-1381] The checkpoint 'Z:/EE26/floatin_point_multiplier/floatin_point_multiplier.runs/synth_1/hardware_interface.dcp' has been generated.
INFO: [runtcl-4] Executing : report_utilization -file hardware_interface_utilization_synth.rpt -pb hardware_interface_utilization_synth.pb
report_utilization: Time (s): cpu = 00:00:00 ; elapsed = 00:00:00.079 . Memory (MB): peak = 1047.852 ; gain = 0.000
INFO: [Common 17-206] Exiting Vivado at Mon Mar  5 18:54:00 2018...
